<?xml version="1.0" encoding="UTF-8"?>
<!-- Generated by org.testng.reporters.JUnitXMLReporter -->
<testsuite ignored="1" hostname="SSANDPC1ATKW9" failures="0" tests="1" name="Default test" time="2.823" errors="0" timestamp="2021-07-08T18:23:25 IST">
  <testcase classname="RestAPI.RestAPI.FirstRestAss" name="validateResponse" time="2.787"/>
  <testcase classname="RestAPI.RestAPI.FirstRestAss" name="getResponseBody" time="0.0">
    <ignored/>
  </testcase> <!-- getResponseBody -->
</testsuite> <!-- Default test -->
