<?xml version="1.0" encoding="UTF-8"?>
<testng-results ignored="1" total="2" passed="1" failed="0" skipped="0">
  <reporter-output>
  </reporter-output>
  <suite started-at="2021-07-08T18:23:22 IST" name="Default suite" finished-at="2021-07-08T18:23:25 IST" duration-ms="2823">
    <groups>
    </groups>
    <test started-at="2021-07-08T18:23:22 IST" name="Default test" finished-at="2021-07-08T18:23:25 IST" duration-ms="2823">
      <class name="RestAPI.RestAPI.FirstRestAss">
        <test-method signature="validateResponse()[pri:0, instance:RestAPI.RestAPI.FirstRestAss@a3d8174]" started-at="2021-07-08T18:23:22 IST" name="validateResponse" finished-at="2021-07-08T18:23:25 IST" duration-ms="2787" status="PASS">
          <reporter-output>
          </reporter-output>
        </test-method> <!-- validateResponse -->
      </class> <!-- RestAPI.RestAPI.FirstRestAss -->
    </test> <!-- Default test -->
  </suite> <!-- Default suite -->
</testng-results>
